2019-08-04 15:17:54,889 INFO org.springframework.boot.StartupInfoLogger [main] Starting PhMartApplication on Jarvis with PID 10236 (C:\Users\KimChheng\Desktop\good-day-mart\target\classes started by KimChheng in C:\Users\KimChheng\Desktop\good-day-mart)
2019-08-04 15:17:54,905 INFO org.springframework.boot.SpringApplication [main] No active profile set, falling back to default profiles: default
2019-08-04 15:17:56,469 INFO org.springframework.data.repository.config.RepositoryConfigurationDelegate [main] Multiple Spring Data modules found, entering strict repository configuration mode!
2019-08-04 15:17:56,474 INFO org.springframework.data.repository.config.RepositoryConfigurationDelegate [main] Bootstrapping Spring Data repositories in DEFAULT mode.
2019-08-04 15:17:56,568 INFO org.springframework.data.repository.config.RepositoryConfigurationDelegate [main] Finished Spring Data repository scanning in 71ms. Found 0 repository interfaces.
2019-08-04 15:17:57,083 INFO org.springframework.context.support.PostProcessorRegistrationDelegate$BeanPostProcessorChecker [main] Bean 'org.springframework.security.config.annotation.configuration.ObjectPostProcessorConfiguration' of type [org.springframework.security.config.annotation.configuration.ObjectPostProcessorConfiguration$$EnhancerBySpringCGLIB$$eda87dd4] is not eligible for getting processed by all BeanPostProcessors (for example: not eligible for auto-proxying)
2019-08-04 15:17:57,096 INFO org.springframework.context.support.PostProcessorRegistrationDelegate$BeanPostProcessorChecker [main] Bean 'org.springframework.transaction.annotation.ProxyTransactionManagementConfiguration' of type [org.springframework.transaction.annotation.ProxyTransactionManagementConfiguration$$EnhancerBySpringCGLIB$$54fab59a] is not eligible for getting processed by all BeanPostProcessors (for example: not eligible for auto-proxying)
2019-08-04 15:17:57,128 INFO org.springframework.context.support.PostProcessorRegistrationDelegate$BeanPostProcessorChecker [main] Bean 'objectPostProcessor' of type [org.springframework.security.config.annotation.configuration.AutowireBeanFactoryObjectPostProcessor] is not eligible for getting processed by all BeanPostProcessors (for example: not eligible for auto-proxying)
2019-08-04 15:17:57,132 INFO org.springframework.context.support.PostProcessorRegistrationDelegate$BeanPostProcessorChecker [main] Bean 'org.springframework.security.access.expression.method.DefaultMethodSecurityExpressionHandler@7c28c1' of type [org.springframework.security.access.expression.method.DefaultMethodSecurityExpressionHandler] is not eligible for getting processed by all BeanPostProcessors (for example: not eligible for auto-proxying)
2019-08-04 15:17:57,139 INFO org.springframework.context.support.PostProcessorRegistrationDelegate$BeanPostProcessorChecker [main] Bean 'org.springframework.security.config.annotation.method.configuration.GlobalMethodSecurityConfiguration' of type [org.springframework.security.config.annotation.method.configuration.GlobalMethodSecurityConfiguration$$EnhancerBySpringCGLIB$$127d2086] is not eligible for getting processed by all BeanPostProcessors (for example: not eligible for auto-proxying)
2019-08-04 15:17:57,143 INFO org.springframework.context.support.PostProcessorRegistrationDelegate$BeanPostProcessorChecker [main] Bean 'methodSecurityMetadataSource' of type [org.springframework.security.access.method.DelegatingMethodSecurityMetadataSource] is not eligible for getting processed by all BeanPostProcessors (for example: not eligible for auto-proxying)
2019-08-04 15:17:57,677 INFO org.springframework.boot.web.embedded.tomcat.TomcatWebServer [main] Tomcat initialized with port(s): 8080 (http)
2019-08-04 15:17:57,728 INFO org.apache.juli.logging.DirectJDKLog [main] Initializing ProtocolHandler ["http-nio-8080"]
2019-08-04 15:17:57,744 INFO org.apache.juli.logging.DirectJDKLog [main] Starting service [Tomcat]
2019-08-04 15:17:57,745 INFO org.apache.juli.logging.DirectJDKLog [main] Starting Servlet engine: [Apache Tomcat/9.0.16]
2019-08-04 15:17:57,756 INFO org.apache.juli.logging.DirectJDKLog [main] The APR based Apache Tomcat Native library which allows optimal performance in production environments was not found on the java.library.path: [C:\Program Files\Java\jdk1.8.0_112\bin;C:\Windows\Sun\Java\bin;C:\Windows\system32;C:\Windows;C:\ProgramData\Oracle\Java\javapath;C:\Program Files (x86)\NVIDIA Corporation\PhysX\Common;C:\Windows\system32;C:\Windows;C:\Windows\System32\Wbem;C:\Windows\System32\WindowsPowerShell\v1.0\;C:\Program Files (x86)\Intel\OpenCL SDK\2.0\bin\x86;C:\Program Files (x86)\Intel\OpenCL SDK\2.0\bin\x64;C:\Program Files\nodejs\;C:\Program Files\Git\cmd;C:\Program Files\Git\mingw64\bin;C:\Program Files\Git\usr\bin;C:\Program Files\PuTTY\;C:\Program Files\Dart\dart-sdk\bin;C:\Windows\System32\WindowsPowerShell\v1.0\;;C:\Users\KimChheng\AppData\Local\Programs\Microsoft VS Code\bin;C:\Users\KimChheng\AppData\Roaming\npm;D:\software\apache-maven-3.3.9\bin;C:\src\flutter\bin;C:\src\Dart\dart-sdk\bin;C:\Users\KimChheng\AppData\Local\Android\Sdk\platform-tools;C:\Program Files\Java\jdk1.8.0_112\jre\bin;.]
2019-08-04 15:17:58,022 INFO org.apache.juli.logging.DirectJDKLog [main] Initializing Spring embedded WebApplicationContext
2019-08-04 15:17:58,024 INFO org.springframework.boot.web.servlet.context.ServletWebServerApplicationContext [main] Root WebApplicationContext: initialization completed in 2970 ms
2019-08-04 15:17:58,682 WARN org.springframework.boot.autoconfigure.orm.jpa.DatabaseLookup [main] Unable to determine jdbc url from datasource
org.springframework.jdbc.support.MetaDataAccessException: Could not get Connection for extracting meta-data; nested exception is org.springframework.jdbc.CannotGetJdbcConnectionException: Failed to obtain JDBC Connection; nested exception is java.sql.SQLException: No suitable driver found for jdbc:postgres://ec2-50-19-222-129.compute-1.amazonaws.com:5432/d49mgikc5ra4al
	at org.springframework.jdbc.support.JdbcUtils.extractDatabaseMetaData(JdbcUtils.java:328)
	at org.springframework.jdbc.support.JdbcUtils.extractDatabaseMetaData(JdbcUtils.java:356)
	at org.springframework.boot.autoconfigure.orm.jpa.DatabaseLookup.getDatabase(DatabaseLookup.java:73)
	at org.springframework.boot.autoconfigure.orm.jpa.JpaProperties.determineDatabase(JpaProperties.java:142)
	at org.springframework.boot.autoconfigure.orm.jpa.JpaBaseConfiguration.jpaVendorAdapter(JpaBaseConfiguration.java:113)
	at org.springframework.boot.autoconfigure.orm.jpa.HibernateJpaConfiguration$$EnhancerBySpringCGLIB$$73d17809.CGLIB$jpaVendorAdapter$5(<generated>)
	at org.springframework.boot.autoconfigure.orm.jpa.HibernateJpaConfiguration$$EnhancerBySpringCGLIB$$73d17809$$FastClassBySpringCGLIB$$70e7e02.invoke(<generated>)
	at org.springframework.cglib.proxy.MethodProxy.invokeSuper(MethodProxy.java:244)
	at org.springframework.context.annotation.ConfigurationClassEnhancer$BeanMethodInterceptor.intercept(ConfigurationClassEnhancer.java:363)
	at org.springframework.boot.autoconfigure.orm.jpa.HibernateJpaConfiguration$$EnhancerBySpringCGLIB$$73d17809.jpaVendorAdapter(<generated>)
	at sun.reflect.NativeMethodAccessorImpl.invoke0(Native Method)
	at sun.reflect.NativeMethodAccessorImpl.invoke(NativeMethodAccessorImpl.java:62)
	at sun.reflect.DelegatingMethodAccessorImpl.invoke(DelegatingMethodAccessorImpl.java:43)
	at java.lang.reflect.Method.invoke(Method.java:498)
	at org.springframework.beans.factory.support.SimpleInstantiationStrategy.instantiate(SimpleInstantiationStrategy.java:154)
	at org.springframework.beans.factory.support.ConstructorResolver.instantiate(ConstructorResolver.java:622)
	at org.springframework.beans.factory.support.ConstructorResolver.instantiateUsingFactoryMethod(ConstructorResolver.java:456)
	at org.springframework.beans.factory.support.AbstractAutowireCapableBeanFactory.instantiateUsingFactoryMethod(AbstractAutowireCapableBeanFactory.java:1305)
	at org.springframework.beans.factory.support.AbstractAutowireCapableBeanFactory.createBeanInstance(AbstractAutowireCapableBeanFactory.java:1144)
	at org.springframework.beans.factory.support.AbstractAutowireCapableBeanFactory.doCreateBean(AbstractAutowireCapableBeanFactory.java:555)
	at org.springframework.beans.factory.support.AbstractAutowireCapableBeanFactory.createBean(AbstractAutowireCapableBeanFactory.java:515)
	at org.springframework.beans.factory.support.AbstractBeanFactory.lambda$doGetBean$0(AbstractBeanFactory.java:320)
	at org.springframework.beans.factory.support.DefaultSingletonBeanRegistry.getSingleton(DefaultSingletonBeanRegistry.java:222)
	at org.springframework.beans.factory.support.AbstractBeanFactory.doGetBean(AbstractBeanFactory.java:318)
	at org.springframework.beans.factory.support.AbstractBeanFactory.getBean(AbstractBeanFactory.java:199)
	at org.springframework.beans.factory.config.DependencyDescriptor.resolveCandidate(DependencyDescriptor.java:277)
	at org.springframework.beans.factory.support.DefaultListableBeanFactory.doResolveDependency(DefaultListableBeanFactory.java:1247)
	at org.springframework.beans.factory.support.DefaultListableBeanFactory.resolveDependency(DefaultListableBeanFactory.java:1167)
	at org.springframework.beans.factory.support.ConstructorResolver.resolveAutowiredArgument(ConstructorResolver.java:857)
	at org.springframework.beans.factory.support.ConstructorResolver.createArgumentArray(ConstructorResolver.java:760)
	at org.springframework.beans.factory.support.ConstructorResolver.instantiateUsingFactoryMethod(ConstructorResolver.java:509)
	at org.springframework.beans.factory.support.AbstractAutowireCapableBeanFactory.instantiateUsingFactoryMethod(AbstractAutowireCapableBeanFactory.java:1305)
	at org.springframework.beans.factory.support.AbstractAutowireCapableBeanFactory.createBeanInstance(AbstractAutowireCapableBeanFactory.java:1144)
	at org.springframework.beans.factory.support.AbstractAutowireCapableBeanFactory.doCreateBean(AbstractAutowireCapableBeanFactory.java:555)
	at org.springframework.beans.factory.support.AbstractAutowireCapableBeanFactory.createBean(AbstractAutowireCapableBeanFactory.java:515)
	at org.springframework.beans.factory.support.AbstractBeanFactory.lambda$doGetBean$0(AbstractBeanFactory.java:320)
	at org.springframework.beans.factory.support.DefaultSingletonBeanRegistry.getSingleton(DefaultSingletonBeanRegistry.java:222)
	at org.springframework.beans.factory.support.AbstractBeanFactory.doGetBean(AbstractBeanFactory.java:318)
	at org.springframework.beans.factory.support.AbstractBeanFactory.getBean(AbstractBeanFactory.java:199)
	at org.springframework.beans.factory.config.DependencyDescriptor.resolveCandidate(DependencyDescriptor.java:277)
	at org.springframework.beans.factory.support.DefaultListableBeanFactory.doResolveDependency(DefaultListableBeanFactory.java:1247)
	at org.springframework.beans.factory.support.DefaultListableBeanFactory.resolveDependency(DefaultListableBeanFactory.java:1167)
	at org.springframework.beans.factory.support.ConstructorResolver.resolveAutowiredArgument(ConstructorResolver.java:857)
	at org.springframework.beans.factory.support.ConstructorResolver.createArgumentArray(ConstructorResolver.java:760)
	at org.springframework.beans.factory.support.ConstructorResolver.instantiateUsingFactoryMethod(ConstructorResolver.java:509)
	at org.springframework.beans.factory.support.AbstractAutowireCapableBeanFactory.instantiateUsingFactoryMethod(AbstractAutowireCapableBeanFactory.java:1305)
	at org.springframework.beans.factory.support.AbstractAutowireCapableBeanFactory.createBeanInstance(AbstractAutowireCapableBeanFactory.java:1144)
	at org.springframework.beans.factory.support.AbstractAutowireCapableBeanFactory.doCreateBean(AbstractAutowireCapableBeanFactory.java:555)
	at org.springframework.beans.factory.support.AbstractAutowireCapableBeanFactory.createBean(AbstractAutowireCapableBeanFactory.java:515)
	at org.springframework.beans.factory.support.AbstractBeanFactory.lambda$doGetBean$0(AbstractBeanFactory.java:320)
	at org.springframework.beans.factory.support.DefaultSingletonBeanRegistry.getSingleton(DefaultSingletonBeanRegistry.java:222)
	at org.springframework.beans.factory.support.AbstractBeanFactory.doGetBean(AbstractBeanFactory.java:318)
	at org.springframework.beans.factory.support.AbstractBeanFactory.getBean(AbstractBeanFactory.java:199)
	at org.springframework.context.support.AbstractApplicationContext.getBean(AbstractApplicationContext.java:1105)
	at org.springframework.context.support.AbstractApplicationContext.finishBeanFactoryInitialization(AbstractApplicationContext.java:867)
	at org.springframework.context.support.AbstractApplicationContext.refresh(AbstractApplicationContext.java:549)
	at org.springframework.boot.web.servlet.context.ServletWebServerApplicationContext.refresh(ServletWebServerApplicationContext.java:142)
	at org.springframework.boot.SpringApplication.refresh(SpringApplication.java:775)
	at org.springframework.boot.SpringApplication.refreshContext(SpringApplication.java:397)
	at org.springframework.boot.SpringApplication.run(SpringApplication.java:316)
	at org.springframework.boot.SpringApplication.run(SpringApplication.java:1260)
	at org.springframework.boot.SpringApplication.run(SpringApplication.java:1248)
	at org.jarvis.phmart.PhMartApplication.main(PhMartApplication.java:14)
Caused by: org.springframework.jdbc.CannotGetJdbcConnectionException: Failed to obtain JDBC Connection; nested exception is java.sql.SQLException: No suitable driver found for jdbc:postgres://ec2-50-19-222-129.compute-1.amazonaws.com:5432/d49mgikc5ra4al
	at org.springframework.jdbc.datasource.DataSourceUtils.getConnection(DataSourceUtils.java:81)
	at org.springframework.jdbc.support.JdbcUtils.extractDatabaseMetaData(JdbcUtils.java:319)
	... 62 common frames omitted
Caused by: java.sql.SQLException: No suitable driver found for jdbc:postgres://ec2-50-19-222-129.compute-1.amazonaws.com:5432/d49mgikc5ra4al
	at java.sql.DriverManager.getConnection(DriverManager.java:689)
	at java.sql.DriverManager.getConnection(DriverManager.java:208)
	at org.springframework.jdbc.datasource.DriverManagerDataSource.getConnectionFromDriverManager(DriverManagerDataSource.java:154)
	at org.springframework.jdbc.datasource.DriverManagerDataSource.getConnectionFromDriver(DriverManagerDataSource.java:145)
	at org.springframework.jdbc.datasource.AbstractDriverBasedDataSource.getConnectionFromDriver(AbstractDriverBasedDataSource.java:205)
	at org.springframework.jdbc.datasource.AbstractDriverBasedDataSource.getConnection(AbstractDriverBasedDataSource.java:169)
	at org.springframework.jdbc.datasource.DataSourceUtils.fetchConnection(DataSourceUtils.java:157)
	at org.springframework.jdbc.datasource.DataSourceUtils.doGetConnection(DataSourceUtils.java:115)
	at org.springframework.jdbc.datasource.DataSourceUtils.getConnection(DataSourceUtils.java:78)
	... 63 common frames omitted
2019-08-04 15:17:58,744 INFO org.hibernate.jpa.internal.util.LogHelper [main] HHH000204: Processing PersistenceUnitInfo [
	name: default
	...]
2019-08-04 15:17:58,840 INFO org.hibernate.Version [main] HHH000412: Hibernate Core {5.3.7.Final}
2019-08-04 15:17:58,843 INFO org.hibernate.cfg.Environment [main] HHH000206: hibernate.properties not found
2019-08-04 15:17:59,216 INFO org.hibernate.annotations.common.reflection.java.JavaReflectionManager [main] HCANN000001: Hibernate Commons Annotations {5.0.4.Final}
2019-08-04 15:17:59,411 INFO org.hibernate.dialect.Dialect [main] HHH000400: Using dialect: org.hibernate.dialect.PostgreSQL94Dialect
2019-08-04 15:17:59,438 INFO org.hibernate.engine.jdbc.env.internal.LobCreatorBuilderImpl [main] HHH000422: Disabling contextual LOB creation as connection was null
2019-08-04 15:17:59,450 INFO org.hibernate.type.BasicTypeRegistry [main] HHH000270: Type registration [java.util.UUID] overrides previous : org.hibernate.type.UUIDBinaryType@7377781e
2019-08-04 15:17:59,456 INFO org.hibernate.envers.boot.internal.EnversServiceImpl [main] Envers integration enabled? : true
2019-08-04 15:18:00,981 WARN org.hibernate.boot.internal.SessionFactoryOptionsBuilder [main] HHH90000021: Encountered deprecated setting [hibernate.ejb.interceptor], use [hibernate.session_factory.interceptor] instead
2019-08-04 15:18:02,123 WARN org.hibernate.engine.jdbc.spi.SqlExceptionHelper [main] SQL Error: 0, SQLState: 08001
2019-08-04 15:18:02,124 ERROR org.hibernate.engine.jdbc.spi.SqlExceptionHelper [main] No suitable driver found for jdbc:postgres://ec2-50-19-222-129.compute-1.amazonaws.com:5432/d49mgikc5ra4al
2019-08-04 15:18:02,132 WARN org.springframework.context.support.AbstractApplicationContext [main] Exception encountered during context initialization - cancelling refresh attempt: org.springframework.beans.factory.BeanCreationException: Error creating bean with name 'entityManagerFactory' defined in class path resource [org/springframework/boot/autoconfigure/orm/jpa/HibernateJpaConfiguration.class]: Invocation of init method failed; nested exception is javax.persistence.PersistenceException: [PersistenceUnit: default] Unable to build Hibernate SessionFactory; nested exception is org.hibernate.exception.JDBCConnectionException: Unable to open JDBC Connection for DDL execution
2019-08-04 15:18:02,135 INFO org.apache.juli.logging.DirectJDKLog [main] Stopping service [Tomcat]
2019-08-04 15:18:02,153 INFO org.springframework.boot.autoconfigure.logging.ConditionEvaluationReportLoggingListener [main] 

Error starting ApplicationContext. To display the conditions report re-run your application with 'debug' enabled.
2019-08-04 15:18:02,162 ERROR org.springframework.boot.SpringApplication [main] Application run failed
org.springframework.beans.factory.BeanCreationException: Error creating bean with name 'entityManagerFactory' defined in class path resource [org/springframework/boot/autoconfigure/orm/jpa/HibernateJpaConfiguration.class]: Invocation of init method failed; nested exception is javax.persistence.PersistenceException: [PersistenceUnit: default] Unable to build Hibernate SessionFactory; nested exception is org.hibernate.exception.JDBCConnectionException: Unable to open JDBC Connection for DDL execution
	at org.springframework.beans.factory.support.AbstractAutowireCapableBeanFactory.initializeBean(AbstractAutowireCapableBeanFactory.java:1762)
	at org.springframework.beans.factory.support.AbstractAutowireCapableBeanFactory.doCreateBean(AbstractAutowireCapableBeanFactory.java:593)
	at org.springframework.beans.factory.support.AbstractAutowireCapableBeanFactory.createBean(AbstractAutowireCapableBeanFactory.java:515)
	at org.springframework.beans.factory.support.AbstractBeanFactory.lambda$doGetBean$0(AbstractBeanFactory.java:320)
	at org.springframework.beans.factory.support.DefaultSingletonBeanRegistry.getSingleton(DefaultSingletonBeanRegistry.java:222)
	at org.springframework.beans.factory.support.AbstractBeanFactory.doGetBean(AbstractBeanFactory.java:318)
	at org.springframework.beans.factory.support.AbstractBeanFactory.getBean(AbstractBeanFactory.java:199)
	at org.springframework.context.support.AbstractApplicationContext.getBean(AbstractApplicationContext.java:1105)
	at org.springframework.context.support.AbstractApplicationContext.finishBeanFactoryInitialization(AbstractApplicationContext.java:867)
	at org.springframework.context.support.AbstractApplicationContext.refresh(AbstractApplicationContext.java:549)
	at org.springframework.boot.web.servlet.context.ServletWebServerApplicationContext.refresh(ServletWebServerApplicationContext.java:142)
	at org.springframework.boot.SpringApplication.refresh(SpringApplication.java:775)
	at org.springframework.boot.SpringApplication.refreshContext(SpringApplication.java:397)
	at org.springframework.boot.SpringApplication.run(SpringApplication.java:316)
	at org.springframework.boot.SpringApplication.run(SpringApplication.java:1260)
	at org.springframework.boot.SpringApplication.run(SpringApplication.java:1248)
	at org.jarvis.phmart.PhMartApplication.main(PhMartApplication.java:14)
Caused by: javax.persistence.PersistenceException: [PersistenceUnit: default] Unable to build Hibernate SessionFactory; nested exception is org.hibernate.exception.JDBCConnectionException: Unable to open JDBC Connection for DDL execution
	at org.springframework.orm.jpa.AbstractEntityManagerFactoryBean.buildNativeEntityManagerFactory(AbstractEntityManagerFactoryBean.java:402)
	at org.springframework.orm.jpa.AbstractEntityManagerFactoryBean.afterPropertiesSet(AbstractEntityManagerFactoryBean.java:377)
	at org.springframework.orm.jpa.LocalContainerEntityManagerFactoryBean.afterPropertiesSet(LocalContainerEntityManagerFactoryBean.java:341)
	at org.springframework.beans.factory.support.AbstractAutowireCapableBeanFactory.invokeInitMethods(AbstractAutowireCapableBeanFactory.java:1821)
	at org.springframework.beans.factory.support.AbstractAutowireCapableBeanFactory.initializeBean(AbstractAutowireCapableBeanFactory.java:1758)
	... 16 common frames omitted
Caused by: org.hibernate.exception.JDBCConnectionException: Unable to open JDBC Connection for DDL execution
	at org.hibernate.exception.internal.SQLStateConversionDelegate.convert(SQLStateConversionDelegate.java:115)
	at org.hibernate.exception.internal.StandardSQLExceptionConverter.convert(StandardSQLExceptionConverter.java:42)
	at org.hibernate.engine.jdbc.spi.SqlExceptionHelper.convert(SqlExceptionHelper.java:113)
	at org.hibernate.engine.jdbc.spi.SqlExceptionHelper.convert(SqlExceptionHelper.java:99)
	at org.hibernate.resource.transaction.backend.jdbc.internal.DdlTransactionIsolatorNonJtaImpl.getIsolatedConnection(DdlTransactionIsolatorNonJtaImpl.java:69)
	at org.hibernate.tool.schema.internal.exec.ImprovedExtractionContextImpl.getJdbcConnection(ImprovedExtractionContextImpl.java:60)
	at org.hibernate.tool.schema.extract.internal.SequenceInformationExtractorLegacyImpl.extractMetadata(SequenceInformationExtractorLegacyImpl.java:40)
	at org.hibernate.tool.schema.extract.internal.DatabaseInformationImpl.initializeSequences(DatabaseInformationImpl.java:65)
	at org.hibernate.tool.schema.extract.internal.DatabaseInformationImpl.<init>(DatabaseInformationImpl.java:59)
	at org.hibernate.tool.schema.internal.Helper.buildDatabaseInformation(Helper.java:132)
	at org.hibernate.tool.schema.internal.AbstractSchemaMigrator.doMigration(AbstractSchemaMigrator.java:96)
	at org.hibernate.tool.schema.spi.SchemaManagementToolCoordinator.performDatabaseAction(SchemaManagementToolCoordinator.java:183)
	at org.hibernate.tool.schema.spi.SchemaManagementToolCoordinator.process(SchemaManagementToolCoordinator.java:72)
	at org.hibernate.internal.SessionFactoryImpl.<init>(SessionFactoryImpl.java:310)
	at org.hibernate.boot.internal.SessionFactoryBuilderImpl.build(SessionFactoryBuilderImpl.java:467)
	at org.hibernate.jpa.boot.internal.EntityManagerFactoryBuilderImpl.build(EntityManagerFactoryBuilderImpl.java:939)
	at org.springframework.orm.jpa.vendor.SpringHibernateJpaPersistenceProvider.createContainerEntityManagerFactory(SpringHibernateJpaPersistenceProvider.java:57)
	at org.springframework.orm.jpa.LocalContainerEntityManagerFactoryBean.createNativeEntityManagerFactory(LocalContainerEntityManagerFactoryBean.java:365)
	at org.springframework.orm.jpa.AbstractEntityManagerFactoryBean.buildNativeEntityManagerFactory(AbstractEntityManagerFactoryBean.java:390)
	... 20 common frames omitted
Caused by: java.sql.SQLException: No suitable driver found for jdbc:postgres://ec2-50-19-222-129.compute-1.amazonaws.com:5432/d49mgikc5ra4al
	at java.sql.DriverManager.getConnection(DriverManager.java:689)
	at java.sql.DriverManager.getConnection(DriverManager.java:208)
	at org.springframework.jdbc.datasource.DriverManagerDataSource.getConnectionFromDriverManager(DriverManagerDataSource.java:154)
	at org.springframework.jdbc.datasource.DriverManagerDataSource.getConnectionFromDriver(DriverManagerDataSource.java:145)
	at org.springframework.jdbc.datasource.AbstractDriverBasedDataSource.getConnectionFromDriver(AbstractDriverBasedDataSource.java:205)
	at org.springframework.jdbc.datasource.AbstractDriverBasedDataSource.getConnection(AbstractDriverBasedDataSource.java:169)
	at org.hibernate.engine.jdbc.connections.internal.DatasourceConnectionProviderImpl.getConnection(DatasourceConnectionProviderImpl.java:122)
	at org.hibernate.engine.jdbc.env.internal.JdbcEnvironmentInitiator$ConnectionProviderJdbcConnectionAccess.obtainConnection(JdbcEnvironmentInitiator.java:180)
	at org.hibernate.resource.transaction.backend.jdbc.internal.DdlTransactionIsolatorNonJtaImpl.getIsolatedConnection(DdlTransactionIsolatorNonJtaImpl.java:43)
	... 34 common frames omitted
2019-08-04 15:21:05,869 INFO org.springframework.boot.StartupInfoLogger [main] Starting PhMartApplication on Jarvis with PID 9204 (C:\Users\KimChheng\Desktop\good-day-mart\target\classes started by KimChheng in C:\Users\KimChheng\Desktop\good-day-mart)
2019-08-04 15:21:05,872 INFO org.springframework.boot.SpringApplication [main] No active profile set, falling back to default profiles: default
2019-08-04 15:21:07,013 INFO org.springframework.data.repository.config.RepositoryConfigurationDelegate [main] Multiple Spring Data modules found, entering strict repository configuration mode!
2019-08-04 15:21:07,016 INFO org.springframework.data.repository.config.RepositoryConfigurationDelegate [main] Bootstrapping Spring Data repositories in DEFAULT mode.
2019-08-04 15:21:07,086 INFO org.springframework.data.repository.config.RepositoryConfigurationDelegate [main] Finished Spring Data repository scanning in 53ms. Found 0 repository interfaces.
2019-08-04 15:21:07,489 INFO org.springframework.context.support.PostProcessorRegistrationDelegate$BeanPostProcessorChecker [main] Bean 'org.springframework.security.config.annotation.configuration.ObjectPostProcessorConfiguration' of type [org.springframework.security.config.annotation.configuration.ObjectPostProcessorConfiguration$$EnhancerBySpringCGLIB$$9a7f32ce] is not eligible for getting processed by all BeanPostProcessors (for example: not eligible for auto-proxying)
2019-08-04 15:21:07,501 INFO org.springframework.context.support.PostProcessorRegistrationDelegate$BeanPostProcessorChecker [main] Bean 'org.springframework.transaction.annotation.ProxyTransactionManagementConfiguration' of type [org.springframework.transaction.annotation.ProxyTransactionManagementConfiguration$$EnhancerBySpringCGLIB$$1d16a94] is not eligible for getting processed by all BeanPostProcessors (for example: not eligible for auto-proxying)
2019-08-04 15:21:07,527 INFO org.springframework.context.support.PostProcessorRegistrationDelegate$BeanPostProcessorChecker [main] Bean 'objectPostProcessor' of type [org.springframework.security.config.annotation.configuration.AutowireBeanFactoryObjectPostProcessor] is not eligible for getting processed by all BeanPostProcessors (for example: not eligible for auto-proxying)
2019-08-04 15:21:07,530 INFO org.springframework.context.support.PostProcessorRegistrationDelegate$BeanPostProcessorChecker [main] Bean 'org.springframework.security.access.expression.method.DefaultMethodSecurityExpressionHandler@5b78fdb1' of type [org.springframework.security.access.expression.method.DefaultMethodSecurityExpressionHandler] is not eligible for getting processed by all BeanPostProcessors (for example: not eligible for auto-proxying)
2019-08-04 15:21:07,535 INFO org.springframework.context.support.PostProcessorRegistrationDelegate$BeanPostProcessorChecker [main] Bean 'org.springframework.security.config.annotation.method.configuration.GlobalMethodSecurityConfiguration' of type [org.springframework.security.config.annotation.method.configuration.GlobalMethodSecurityConfiguration$$EnhancerBySpringCGLIB$$bf53d580] is not eligible for getting processed by all BeanPostProcessors (for example: not eligible for auto-proxying)
2019-08-04 15:21:07,539 INFO org.springframework.context.support.PostProcessorRegistrationDelegate$BeanPostProcessorChecker [main] Bean 'methodSecurityMetadataSource' of type [org.springframework.security.access.method.DelegatingMethodSecurityMetadataSource] is not eligible for getting processed by all BeanPostProcessors (for example: not eligible for auto-proxying)
2019-08-04 15:21:07,980 INFO org.springframework.boot.web.embedded.tomcat.TomcatWebServer [main] Tomcat initialized with port(s): 8080 (http)
2019-08-04 15:21:07,995 INFO org.apache.juli.logging.DirectJDKLog [main] Initializing ProtocolHandler ["http-nio-8080"]
2019-08-04 15:21:08,007 INFO org.apache.juli.logging.DirectJDKLog [main] Starting service [Tomcat]
2019-08-04 15:21:08,008 INFO org.apache.juli.logging.DirectJDKLog [main] Starting Servlet engine: [Apache Tomcat/9.0.16]
2019-08-04 15:21:08,016 INFO org.apache.juli.logging.DirectJDKLog [main] The APR based Apache Tomcat Native library which allows optimal performance in production environments was not found on the java.library.path: [C:\Program Files\Java\jdk1.8.0_112\bin;C:\Windows\Sun\Java\bin;C:\Windows\system32;C:\Windows;C:\ProgramData\Oracle\Java\javapath;C:\Program Files (x86)\NVIDIA Corporation\PhysX\Common;C:\Windows\system32;C:\Windows;C:\Windows\System32\Wbem;C:\Windows\System32\WindowsPowerShell\v1.0\;C:\Program Files (x86)\Intel\OpenCL SDK\2.0\bin\x86;C:\Program Files (x86)\Intel\OpenCL SDK\2.0\bin\x64;C:\Program Files\nodejs\;C:\Program Files\Git\cmd;C:\Program Files\Git\mingw64\bin;C:\Program Files\Git\usr\bin;C:\Program Files\PuTTY\;C:\Program Files\Dart\dart-sdk\bin;C:\Windows\System32\WindowsPowerShell\v1.0\;;C:\Users\KimChheng\AppData\Local\Programs\Microsoft VS Code\bin;C:\Users\KimChheng\AppData\Roaming\npm;D:\software\apache-maven-3.3.9\bin;C:\src\flutter\bin;C:\src\Dart\dart-sdk\bin;C:\Users\KimChheng\AppData\Local\Android\Sdk\platform-tools;C:\Program Files\Java\jdk1.8.0_112\jre\bin;.]
2019-08-04 15:21:08,206 INFO org.apache.juli.logging.DirectJDKLog [main] Initializing Spring embedded WebApplicationContext
2019-08-04 15:21:08,206 INFO org.springframework.boot.web.servlet.context.ServletWebServerApplicationContext [main] Root WebApplicationContext: initialization completed in 2269 ms
2019-08-04 15:21:11,522 INFO org.hibernate.jpa.internal.util.LogHelper [main] HHH000204: Processing PersistenceUnitInfo [
	name: default
	...]
2019-08-04 15:21:11,595 INFO org.hibernate.Version [main] HHH000412: Hibernate Core {5.3.7.Final}
2019-08-04 15:21:11,598 INFO org.hibernate.cfg.Environment [main] HHH000206: hibernate.properties not found
2019-08-04 15:21:11,733 INFO org.hibernate.annotations.common.reflection.java.JavaReflectionManager [main] HCANN000001: Hibernate Commons Annotations {5.0.4.Final}
2019-08-04 15:21:11,888 INFO org.hibernate.dialect.Dialect [main] HHH000400: Using dialect: org.hibernate.dialect.PostgreSQL94Dialect
2019-08-04 15:21:11,906 INFO org.hibernate.engine.jdbc.env.internal.LobCreatorBuilderImpl [main] HHH000422: Disabling contextual LOB creation as connection was null
2019-08-04 15:21:11,914 INFO org.hibernate.type.BasicTypeRegistry [main] HHH000270: Type registration [java.util.UUID] overrides previous : org.hibernate.type.UUIDBinaryType@75023c53
2019-08-04 15:21:11,919 INFO org.hibernate.envers.boot.internal.EnversServiceImpl [main] Envers integration enabled? : true
2019-08-04 15:21:13,167 WARN org.hibernate.boot.internal.SessionFactoryOptionsBuilder [main] HHH90000021: Encountered deprecated setting [hibernate.ejb.interceptor], use [hibernate.session_factory.interceptor] instead
2019-08-04 15:21:25,072 INFO org.springframework.orm.jpa.AbstractEntityManagerFactoryBean [main] Initialized JPA EntityManagerFactory for persistence unit 'default'
2019-08-04 15:21:25,923 INFO org.springframework.security.web.DefaultSecurityFilterChain [main] Creating filter chain: Ant [pattern='/VAADIN/**'], []
2019-08-04 15:21:25,924 INFO org.springframework.security.web.DefaultSecurityFilterChain [main] Creating filter chain: Ant [pattern='/favicon.ico'], []
2019-08-04 15:21:25,926 INFO org.springframework.security.web.DefaultSecurityFilterChain [main] Creating filter chain: Ant [pattern='/robots.txt'], []
2019-08-04 15:21:25,926 INFO org.springframework.security.web.DefaultSecurityFilterChain [main] Creating filter chain: Ant [pattern='/manifest.webmanifest'], []
2019-08-04 15:21:25,927 INFO org.springframework.security.web.DefaultSecurityFilterChain [main] Creating filter chain: Ant [pattern='/manifest.json'], []
2019-08-04 15:21:25,927 INFO org.springframework.security.web.DefaultSecurityFilterChain [main] Creating filter chain: Ant [pattern='/sw.js'], []
2019-08-04 15:21:25,927 INFO org.springframework.security.web.DefaultSecurityFilterChain [main] Creating filter chain: Ant [pattern='/offline-page.html'], []
2019-08-04 15:21:25,928 INFO org.springframework.security.web.DefaultSecurityFilterChain [main] Creating filter chain: Ant [pattern='/offline.html'], []
2019-08-04 15:21:25,929 INFO org.springframework.security.web.DefaultSecurityFilterChain [main] Creating filter chain: Ant [pattern='/frontend/**'], []
2019-08-04 15:21:25,929 INFO org.springframework.security.web.DefaultSecurityFilterChain [main] Creating filter chain: Ant [pattern='/backend/**'], []
2019-08-04 15:21:25,929 INFO org.springframework.security.web.DefaultSecurityFilterChain [main] Creating filter chain: Ant [pattern='/webjars/**'], []
2019-08-04 15:21:25,929 INFO org.springframework.security.web.DefaultSecurityFilterChain [main] Creating filter chain: Ant [pattern='/frontend-es5/**'], []
2019-08-04 15:21:25,930 INFO org.springframework.security.web.DefaultSecurityFilterChain [main] Creating filter chain: Ant [pattern='/frontend-es6/**'], []
2019-08-04 15:21:25,988 INFO org.springframework.security.web.DefaultSecurityFilterChain [main] Creating filter chain: any request, [org.springframework.security.web.context.request.async.WebAsyncManagerIntegrationFilter@d229912, org.springframework.security.web.context.SecurityContextPersistenceFilter@57920d6c, org.springframework.security.web.header.HeaderWriterFilter@6f80cf5, org.springframework.security.web.authentication.logout.LogoutFilter@776e7dfb, org.springframework.security.web.authentication.UsernamePasswordAuthenticationFilter@1859e55c, org.springframework.security.web.savedrequest.RequestCacheAwareFilter@62cf86d6, org.springframework.security.web.servletapi.SecurityContextHolderAwareRequestFilter@2ca132ad, org.springframework.security.web.authentication.AnonymousAuthenticationFilter@5a06eeef, org.springframework.security.web.session.SessionManagementFilter@4dad2363, org.springframework.security.web.access.ExceptionTranslationFilter@4cacccbf, org.springframework.security.web.access.intercept.FilterSecurityInterceptor@1534bdc6]
2019-08-04 15:21:26,330 INFO org.springframework.scheduling.concurrent.ExecutorConfigurationSupport [main] Initializing ExecutorService 'applicationTaskExecutor'
2019-08-04 15:21:26,392 WARN org.springframework.boot.autoconfigure.orm.jpa.JpaBaseConfiguration$JpaWebConfiguration$JpaWebMvcConfiguration [main] spring.jpa.open-in-view is enabled by default. Therefore, database queries may be performed during view rendering. Explicitly configure spring.jpa.open-in-view to disable this warning
2019-08-04 15:21:26,515 INFO org.jarvis.core.autoconfigure.ApplicationContextProvider [main] init application context to ContextUtil
2019-08-04 15:21:26,515 INFO org.jarvis.core.autoconfigure.ApplicationContextProvider [main] init environment bean to ContextUtil 
2019-08-04 15:21:26,989 INFO com.vaadin.external.org.slf4j.impl.JDK14LoggerAdapter [main] Installed AtmosphereHandler com.vaadin.flow.server.communication.PushAtmosphereHandler mapped to context-path: /*
2019-08-04 15:21:26,991 INFO com.vaadin.external.org.slf4j.impl.JDK14LoggerAdapter [main] Installed the following AtmosphereInterceptor mapped to AtmosphereHandler com.vaadin.flow.server.communication.PushAtmosphereHandler
2019-08-04 15:21:27,046 INFO com.vaadin.external.org.slf4j.impl.JDK14LoggerAdapter [main] Atmosphere is using org.atmosphere.util.VoidAnnotationProcessor for processing annotation
2019-08-04 15:21:27,060 INFO com.vaadin.external.org.slf4j.impl.JDK14LoggerAdapter [main] Using ForkJoinPool  java.util.concurrent.ForkJoinPool. Set the org.atmosphere.cpr.broadcaster.maxAsyncWriteThreads to -1 to fully use its power.
2019-08-04 15:21:27,072 INFO com.vaadin.external.org.slf4j.impl.JDK14LoggerAdapter [main] Installed WebSocketProtocol org.atmosphere.websocket.protocol.SimpleHttpProtocol 
2019-08-04 15:21:27,078 INFO com.vaadin.external.org.slf4j.impl.JDK14LoggerAdapter [main] JSR 356 Mapping path /vaadinServlet
2019-08-04 15:21:27,089 INFO com.vaadin.external.org.slf4j.impl.JDK14LoggerAdapter [main] Installing Default AtmosphereInterceptors
2019-08-04 15:21:27,090 INFO com.vaadin.external.org.slf4j.impl.JDK14LoggerAdapter [main] 	org.atmosphere.interceptor.CorsInterceptor : CORS Interceptor Support
2019-08-04 15:21:27,091 INFO com.vaadin.external.org.slf4j.impl.JDK14LoggerAdapter [main] 	org.atmosphere.interceptor.CacheHeadersInterceptor : Default Response's Headers Interceptor
2019-08-04 15:21:27,092 INFO com.vaadin.external.org.slf4j.impl.JDK14LoggerAdapter [main] 	org.atmosphere.interceptor.PaddingAtmosphereInterceptor : Browser Padding Interceptor Support
2019-08-04 15:21:27,093 INFO com.vaadin.external.org.slf4j.impl.JDK14LoggerAdapter [main] 	org.atmosphere.interceptor.AndroidAtmosphereInterceptor : Android Interceptor Support
2019-08-04 15:21:27,094 INFO com.vaadin.external.org.slf4j.impl.JDK14LoggerAdapter [main] Dropping Interceptor org.atmosphere.interceptor.HeartbeatInterceptor
2019-08-04 15:21:27,094 INFO com.vaadin.external.org.slf4j.impl.JDK14LoggerAdapter [main] 	org.atmosphere.interceptor.SSEAtmosphereInterceptor : SSE Interceptor Support
2019-08-04 15:21:27,095 INFO com.vaadin.external.org.slf4j.impl.JDK14LoggerAdapter [main] 	org.atmosphere.interceptor.JSONPAtmosphereInterceptor : JSONP Interceptor Support
2019-08-04 15:21:27,097 INFO com.vaadin.external.org.slf4j.impl.JDK14LoggerAdapter [main] 	org.atmosphere.interceptor.JavaScriptProtocol : Atmosphere JavaScript Protocol
2019-08-04 15:21:27,097 INFO com.vaadin.external.org.slf4j.impl.JDK14LoggerAdapter [main] 	org.atmosphere.interceptor.WebSocketMessageSuspendInterceptor : org.atmosphere.interceptor.WebSocketMessageSuspendInterceptor
2019-08-04 15:21:27,097 INFO com.vaadin.external.org.slf4j.impl.JDK14LoggerAdapter [main] 	org.atmosphere.interceptor.OnDisconnectInterceptor : Browser disconnection detection
2019-08-04 15:21:27,098 INFO com.vaadin.external.org.slf4j.impl.JDK14LoggerAdapter [main] 	org.atmosphere.interceptor.IdleResourceInterceptor : org.atmosphere.interceptor.IdleResourceInterceptor
2019-08-04 15:21:27,099 INFO com.vaadin.external.org.slf4j.impl.JDK14LoggerAdapter [main] Set org.atmosphere.cpr.AtmosphereInterceptor.disableDefaults to disable them.
2019-08-04 15:21:27,099 INFO com.vaadin.external.org.slf4j.impl.JDK14LoggerAdapter [main] Installed AtmosphereInterceptor CORS Interceptor Support with priority FIRST_BEFORE_DEFAULT 
2019-08-04 15:21:27,101 INFO com.vaadin.external.org.slf4j.impl.JDK14LoggerAdapter [main] Installed AtmosphereInterceptor Default Response's Headers Interceptor with priority AFTER_DEFAULT 
2019-08-04 15:21:27,103 INFO com.vaadin.external.org.slf4j.impl.JDK14LoggerAdapter [main] Installed AtmosphereInterceptor Browser Padding Interceptor Support with priority AFTER_DEFAULT 
2019-08-04 15:21:27,104 INFO com.vaadin.external.org.slf4j.impl.JDK14LoggerAdapter [main] Installed AtmosphereInterceptor Android Interceptor Support with priority AFTER_DEFAULT 
2019-08-04 15:21:27,104 INFO com.vaadin.external.org.slf4j.impl.JDK14LoggerAdapter [main] Installed AtmosphereInterceptor SSE Interceptor Support with priority AFTER_DEFAULT 
2019-08-04 15:21:27,104 INFO com.vaadin.external.org.slf4j.impl.JDK14LoggerAdapter [main] Installed AtmosphereInterceptor JSONP Interceptor Support with priority AFTER_DEFAULT 
2019-08-04 15:21:27,105 INFO com.vaadin.external.org.slf4j.impl.JDK14LoggerAdapter [main] Installed AtmosphereInterceptor Atmosphere JavaScript Protocol with priority AFTER_DEFAULT 
2019-08-04 15:21:27,105 INFO com.vaadin.external.org.slf4j.impl.JDK14LoggerAdapter [main] Installed AtmosphereInterceptor org.atmosphere.interceptor.WebSocketMessageSuspendInterceptor with priority AFTER_DEFAULT 
2019-08-04 15:21:27,105 INFO com.vaadin.external.org.slf4j.impl.JDK14LoggerAdapter [main] Installed AtmosphereInterceptor Browser disconnection detection with priority AFTER_DEFAULT 
2019-08-04 15:21:27,106 INFO com.vaadin.external.org.slf4j.impl.JDK14LoggerAdapter [main] Installed AtmosphereInterceptor org.atmosphere.interceptor.IdleResourceInterceptor with priority BEFORE_DEFAULT 
2019-08-04 15:21:27,107 INFO com.vaadin.external.org.slf4j.impl.JDK14LoggerAdapter [main] Using EndpointMapper class org.atmosphere.util.DefaultEndpointMapper
2019-08-04 15:21:27,107 INFO com.vaadin.external.org.slf4j.impl.JDK14LoggerAdapter [main] Using BroadcasterCache: org.atmosphere.cache.UUIDBroadcasterCache
2019-08-04 15:21:27,107 INFO com.vaadin.external.org.slf4j.impl.JDK14LoggerAdapter [main] Default Broadcaster Class: org.atmosphere.cpr.DefaultBroadcaster
2019-08-04 15:21:27,107 INFO com.vaadin.external.org.slf4j.impl.JDK14LoggerAdapter [main] Broadcaster Shared List Resources: false
2019-08-04 15:21:27,107 INFO com.vaadin.external.org.slf4j.impl.JDK14LoggerAdapter [main] Broadcaster Polling Wait Time 100
2019-08-04 15:21:27,108 INFO com.vaadin.external.org.slf4j.impl.JDK14LoggerAdapter [main] Shared ExecutorService supported: true
2019-08-04 15:21:27,109 INFO com.vaadin.external.org.slf4j.impl.JDK14LoggerAdapter [main] Messaging ExecutorService Pool Size unavailable - Not instance of ThreadPoolExecutor
2019-08-04 15:21:27,109 INFO com.vaadin.external.org.slf4j.impl.JDK14LoggerAdapter [main] Async I/O Thread Pool Size: 200
2019-08-04 15:21:27,109 INFO com.vaadin.external.org.slf4j.impl.JDK14LoggerAdapter [main] Using BroadcasterFactory: org.atmosphere.cpr.DefaultBroadcasterFactory
2019-08-04 15:21:27,109 INFO com.vaadin.external.org.slf4j.impl.JDK14LoggerAdapter [main] Using AtmosphereResurceFactory: org.atmosphere.cpr.DefaultAtmosphereResourceFactory
2019-08-04 15:21:27,109 INFO com.vaadin.external.org.slf4j.impl.JDK14LoggerAdapter [main] Using WebSocketProcessor: org.atmosphere.websocket.DefaultWebSocketProcessor
2019-08-04 15:21:27,112 INFO com.vaadin.external.org.slf4j.impl.JDK14LoggerAdapter [main] Invoke AtmosphereInterceptor on WebSocket message true
2019-08-04 15:21:27,112 INFO com.vaadin.external.org.slf4j.impl.JDK14LoggerAdapter [main] HttpSession supported: true
2019-08-04 15:21:27,112 INFO com.vaadin.external.org.slf4j.impl.JDK14LoggerAdapter [main] Atmosphere is using org.atmosphere.inject.InjectableObjectFactory for dependency injection and object creation
2019-08-04 15:21:27,112 INFO com.vaadin.external.org.slf4j.impl.JDK14LoggerAdapter [main] Atmosphere is using async support: org.atmosphere.container.JSR356AsyncSupport running under container: Apache Tomcat/9.0.16 using javax.servlet/3.0 and jsr356/WebSocket API
2019-08-04 15:21:27,113 INFO com.vaadin.external.org.slf4j.impl.JDK14LoggerAdapter [main] Atmosphere Framework 2.4.30.vaadin1 started.
2019-08-04 15:21:27,117 INFO com.vaadin.external.org.slf4j.impl.JDK14LoggerAdapter [main] Installed AtmosphereInterceptor  Track Message Size Interceptor using | with priority BEFORE_DEFAULT 
2019-08-04 15:21:27,143 INFO org.apache.juli.logging.DirectJDKLog [main] Starting ProtocolHandler ["http-nio-8080"]
2019-08-04 15:21:27,171 INFO org.springframework.boot.web.embedded.tomcat.TomcatWebServer [main] Tomcat started on port(s): 8080 (http) with context path ''
2019-08-04 15:21:27,176 INFO org.springframework.boot.StartupInfoLogger [main] Started PhMartApplication in 21.901 seconds (JVM running for 24.055)
2019-08-04 15:21:34,859 INFO org.apache.juli.logging.DirectJDKLog [http-nio-8080-exec-1] Initializing Spring DispatcherServlet 'dispatcherServlet'
2019-08-04 15:21:34,863 INFO org.springframework.web.servlet.FrameworkServlet [http-nio-8080-exec-1] Initializing Servlet 'dispatcherServlet'
2019-08-04 15:21:34,881 INFO org.springframework.web.servlet.FrameworkServlet [http-nio-8080-exec-1] Completed initialization in 16 ms
2019-08-04 15:21:34,954 WARN com.vaadin.flow.server.DefaultDeploymentConfiguration [http-nio-8080-exec-2] 
===========================================================
Vaadin is running in DEBUG MODE.
Add productionMode=true to web.xml to disable debug features.
===========================================================
2019-08-04 15:21:42,742 INFO org.hibernate.hql.internal.QueryTranslatorFactoryInitiator [http-nio-8080-exec-10] HHH000397: Using ASTQueryTranslatorFactory
2019-08-04 15:21:44,309 INFO org.jarvis.phmart.view.sale.SalePresenter [http-nio-8080-exec-1] org.jarvis.phmart.view.sale.SalePresenter@1b0b53c2
2019-08-04 15:23:01,628 INFO org.jarvis.phmart.view.sale.SaleViewImpl [http-nio-8080-exec-1] org.jarvis.phmart.view.sale.SaleViewImpl@587c6498
2019-08-04 15:23:46,768 INFO org.jarvis.phmart.view.product.ProductPresenter [http-nio-8080-exec-3] org.jarvis.phmart.view.product.ProductPresenter@5e012e4b
2019-08-04 15:24:14,992 INFO org.jarvis.phmart.view.product.ProductViewImpl [http-nio-8080-exec-3] org.jarvis.phmart.view.product.ProductViewImpl@4a9dc77
2019-08-04 15:31:00,016 INFO org.jarvis.phmart.view.product.ProductViewImpl [http-nio-8080-exec-3] org.jarvis.phmart.view.product.ProductViewImpl@4426a890
